shared/build/intermediates/manifest_merge_blame_file/debug/processDebugManifest/manifest-merger-blame-debug-report.txt
1<?xml version="1.0" encoding="utf-8"?>
2<manifest xmlns:android="http://schemas.android.com/apk/res/android"
3    package="com.example.cardashclock.shared" >
4
5    <uses-sdk android:minSdkVersion="35" />
5-->INJECTED
5-->INJECTED
6
7    <uses-permission android:name="android.permission.ACCESS_FINE_LOCATION" />
7-->src\main\AndroidManifest.xml:3:5-79
7-->src\main\AndroidManifest.xml:3:22-76
8    <uses-permission android:name="android.permission.ACCESS_COARSE_LOCATION" />
8-->src\main\AndroidManifest.xml:4:5-81
8-->src\main\AndroidManifest.xml:4:22-78
9    <uses-permission android:name="androidx.car.app.ACCESS_SURFACE" />
9-->src\main\AndroidManifest.xml:5:5-71
9-->src\main\AndroidManifest.xml:5:22-68
10    <uses-permission android:name="androidx.car.app.NAVIGATION_TEMPLATES" />
10-->src\main\AndroidManifest.xml:6:5-77
10-->src\main\AndroidManifest.xml:6:22-74
11
12    <application>
12-->src\main\AndroidManifest.xml:8:5-22:19
13
14        <!-- Minimum Car API level -->
15        <meta-data
15-->src\main\AndroidManifest.xml:10:9-12:33
16            android:name="androidx.car.app.minCarApiLevel"
16-->src\main\AndroidManifest.xml:11:13-59
17            android:value="1" />
17-->src\main\AndroidManifest.xml:12:13-30
18
19        <service
19-->src\main\AndroidManifest.xml:14:9-21:19
20            android:name="com.example.cardashclock.shared.MyCarAppService"
20-->src\main\AndroidManifest.xml:15:13-75
21            android:exported="true" >
21-->src\main\AndroidManifest.xml:16:13-36
22            <intent-filter>
22-->src\main\AndroidManifest.xml:17:13-20:29
23                <action android:name="androidx.car.app.CarAppService" />
23-->src\main\AndroidManifest.xml:18:17-73
23-->src\main\AndroidManifest.xml:18:25-70
24
25                <category android:name="androidx.car.app.category.NAVIGATION" />
25-->src\main\AndroidManifest.xml:19:17-81
25-->src\main\AndroidManifest.xml:19:27-78
26            </intent-filter>
27        </service>
28    </application>
29
30</manifest>